\BOOKMARK [0][-]{chapter.1}{Introduction}{}
\BOOKMARK [1][-]{section.1.1}{What Zelig and R Do}{chapter.1}
\BOOKMARK [1][-]{section.1.2}{Getting Help}{chapter.1}
\BOOKMARK [-1][-]{part.1}{I User's Guide}{}
\BOOKMARK [0][-]{chapter.2}{Installation}{part.1}
\BOOKMARK [1][-]{section.2.1}{Windows}{chapter.2}
\BOOKMARK [1][-]{section.2.2}{MacOS X}{chapter.2}
\BOOKMARK [1][-]{section.2.3}{UNIX and Linux}{chapter.2}
\BOOKMARK [1][-]{section.2.4}{Version Compatability}{chapter.2}
\BOOKMARK [0][-]{chapter.3}{Data Analysis Commands}{part.1}
\BOOKMARK [1][-]{section.3.1}{Command Syntax}{chapter.3}
\BOOKMARK [2][-]{subsection.3.1.1}{Getting Started}{section.3.1}
\BOOKMARK [2][-]{subsection.3.1.2}{Details}{section.3.1}
\BOOKMARK [1][-]{section.3.2}{Data Sets}{chapter.3}
\BOOKMARK [2][-]{subsection.3.2.1}{Data Structures}{section.3.2}
\BOOKMARK [2][-]{subsection.3.2.2}{Loading Data}{section.3.2}
\BOOKMARK [2][-]{subsection.3.2.3}{Saving Data}{section.3.2}
\BOOKMARK [1][-]{section.3.3}{Variables}{chapter.3}
\BOOKMARK [2][-]{subsection.3.3.1}{Classes of Variables}{section.3.3}
\BOOKMARK [2][-]{subsection.3.3.2}{Recoding Variables}{section.3.3}
\BOOKMARK [0][-]{chapter.4}{Statistical Commands}{part.1}
\BOOKMARK [1][-]{section.4.1}{Zelig Commands}{chapter.4}
\BOOKMARK [2][-]{subsection.4.1.1}{Quick Overview}{section.4.1}
\BOOKMARK [2][-]{subsection.4.1.2}{Examples}{section.4.1}
\BOOKMARK [2][-]{subsection.4.1.3}{Details}{section.4.1}
\BOOKMARK [1][-]{section.4.2}{Supported Models}{chapter.4}
\BOOKMARK [1][-]{section.4.3}{Replication Procedures}{chapter.4}
\BOOKMARK [2][-]{subsection.4.3.1}{Saving Replication Materials}{section.4.3}
\BOOKMARK [2][-]{subsection.4.3.2}{Replicating Analyses}{section.4.3}
\BOOKMARK [0][-]{chapter.5}{Graphing Commands}{part.1}
\BOOKMARK [1][-]{section.5.1}{Drawing Plots}{chapter.5}
\BOOKMARK [1][-]{section.5.2}{Adding Points, Lines, and Legends to Existing Plots}{chapter.5}
\BOOKMARK [1][-]{section.5.3}{Saving Graphs to Files}{chapter.5}
\BOOKMARK [1][-]{section.5.4}{Examples}{chapter.5}
\BOOKMARK [2][-]{subsection.5.4.1}{Descriptive Plots: Box-plots}{section.5.4}
\BOOKMARK [2][-]{subsection.5.4.2}{Density Plots: A Histogram}{section.5.4}
\BOOKMARK [2][-]{subsection.5.4.3}{Advanced Examples}{section.5.4}
\BOOKMARK [-1][-]{part.2}{II Advanced Zelig Uses}{}
\BOOKMARK [0][-]{chapter.6}{R Objects}{part.2}
\BOOKMARK [1][-]{section.6.1}{Scalar Values}{chapter.6}
\BOOKMARK [1][-]{section.6.2}{Data Structures}{chapter.6}
\BOOKMARK [2][-]{subsection.6.2.1}{Arrays}{section.6.2}
\BOOKMARK [2][-]{subsection.6.2.2}{Lists}{section.6.2}
\BOOKMARK [2][-]{subsection.6.2.3}{Data Frames}{section.6.2}
\BOOKMARK [2][-]{subsection.6.2.4}{Identifying Objects and Data Structures}{section.6.2}
\BOOKMARK [0][-]{chapter.7}{Programming Statements}{part.2}
\BOOKMARK [1][-]{section.7.1}{Functions}{chapter.7}
\BOOKMARK [1][-]{section.7.2}{If-Statements}{chapter.7}
\BOOKMARK [1][-]{section.7.3}{For-Loops}{chapter.7}
\BOOKMARK [0][-]{chapter.8}{Writing New Models}{part.2}
\BOOKMARK [1][-]{section.8.1}{Managing Statistical Model Inputs}{chapter.8}
\BOOKMARK [2][-]{subsection.8.1.1}{Describe the Statistical Model}{section.8.1}
\BOOKMARK [2][-]{subsection.8.1.2}{Single Response Variable Models: Normal Regression Model}{section.8.1}
\BOOKMARK [2][-]{subsection.8.1.3}{Multivariate models: Bivariate Normal example}{section.8.1}
\BOOKMARK [1][-]{section.8.2}{Easy Ways to Manage Matrices}{chapter.8}
\BOOKMARK [2][-]{subsection.8.2.1}{The Intuitive Layout}{section.8.2}
\BOOKMARK [2][-]{subsection.8.2.2}{The Computationally-Efficient Layout}{section.8.2}
\BOOKMARK [2][-]{subsection.8.2.3}{The Memory-Efficient Layout}{section.8.2}
\BOOKMARK [2][-]{subsection.8.2.4}{Interchanging the Three Methods}{section.8.2}
\BOOKMARK [0][-]{chapter.9}{Adding Models and Methods to Zelig}{part.2}
\BOOKMARK [1][-]{section.9.1}{Making the Model Compatible with Zelig}{chapter.9}
\BOOKMARK [1][-]{section.9.2}{Getting Ready for the GUI}{chapter.9}
\BOOKMARK [1][-]{section.9.3}{Formatting Reference Manual Pages}{chapter.9}
\BOOKMARK [-1][-]{part.3}{III Reference Manual}{}
\BOOKMARK [0][-]{chapter.10}{Main Commands}{part.3}
\BOOKMARK [1][-]{section.10.1}{zelig: Estimating a Statistical Model}{chapter.10}
\BOOKMARK [1][-]{section.10.2}{setx: Setting Explanatory Variable Values}{chapter.10}
\BOOKMARK [1][-]{section.10.3}{sim: Simulating Quantities of Interest}{chapter.10}
\BOOKMARK [1][-]{section.10.4}{summary: Summarizing Zelig Output}{chapter.10}
\BOOKMARK [1][-]{section.10.5}{plot: Graphing Quantities of Interest}{chapter.10}
\BOOKMARK [1][-]{section.10.6}{print: Printing Quantities of Interest}{chapter.10}
\BOOKMARK [1][-]{section.10.7}{repl: Replicating Analyses}{chapter.10}
\BOOKMARK [0][-]{chapter.11}{Supplementary Commands}{part.3}
\BOOKMARK [1][-]{section.11.1}{matchit: Create matched data}{chapter.11}
\BOOKMARK [1][-]{section.11.2}{mi: Create a list of multiply imputed data frames}{chapter.11}
\BOOKMARK [2][-]{subsection.11.2.1}{ network: Format Individual Matricies into a Data Frame for Social Network Analysis }{section.11.2}
\BOOKMARK [1][-]{section.11.3}{plot.ci: Plotting Vertical confidence Intervals}{chapter.11}
\BOOKMARK [1][-]{section.11.4}{rocplot: Receiver Operator Characteristic Plots}{chapter.11}
\BOOKMARK [1][-]{section.11.5}{ternaryplot: Ternary Diagram for 3D Data}{chapter.11}
\BOOKMARK [1][-]{section.11.6}{ternarypoints: Adding Points to Ternary Diagrams}{chapter.11}
\BOOKMARK [0][-]{chapter.12}{Models Zelig Can Run}{part.3}
\BOOKMARK [1][-]{section.12.1}{ARIMA : ARIMA Models for Time Series Data}{chapter.12}
\BOOKMARK [1][-]{section.12.2}{blogit: Bivariate Logistic Regression for Two Dichotomous Dependent Variables}{chapter.12}
\BOOKMARK [1][-]{section.12.3}{bprobit: Bivariate Probit Regression for Two Dichotomous Dependent Variables}{chapter.12}
\BOOKMARK [1][-]{section.12.4}{ei.dynamic: Quinn's Dynamic Ecological Inference Model}{chapter.12}
\BOOKMARK [1][-]{section.12.5}{ei.hier: Hierarchical Ecological Inference Model for 2 2 Tables}{chapter.12}
\BOOKMARK [1][-]{section.12.6}{ei.RxC: Hierarchical Multinomial-Dirichlet Ecological Inference Model for R C Tables}{chapter.12}
\BOOKMARK [1][-]{section.12.7}{exp: Exponential Regression for Duration Dependent Variables}{chapter.12}
\BOOKMARK [1][-]{section.12.8}{factor.bayes: Bayesian Factor Analysis}{chapter.12}
\BOOKMARK [1][-]{section.12.9}{factor.mix: Mixed Data Factor Analysis}{chapter.12}
\BOOKMARK [1][-]{section.12.10}{factor.ord: Ordinal Data Factor Analysis}{chapter.12}
\BOOKMARK [1][-]{section.12.11}{gamma: Gamma Regression for Continuous, Positive Dependent Variables}{chapter.12}
\BOOKMARK [1][-]{section.12.12}{irt1d: One Dimensional Item Response Model}{chapter.12}
\BOOKMARK [1][-]{section.12.13}{irtkd: k-Dimensional Item Response Theory Model}{chapter.12}
\BOOKMARK [1][-]{section.12.14}{logit: Logistic Regression for Dichotomous Dependent Variables}{chapter.12}
\BOOKMARK [1][-]{section.12.15}{logit.bayes: Bayesian Logistic Regression}{chapter.12}
\BOOKMARK [1][-]{section.12.16}{lognorm: Log-Normal Regression for Duration Dependent Variables}{chapter.12}
\BOOKMARK [1][-]{section.12.17}{ls: Least Squares Regression for Continuous Dependent Variables}{chapter.12}
\BOOKMARK [1][-]{section.12.18}{mlogit: Multinomial Logistic Regression for Dependent Variables with Unordered Categorical Values}{chapter.12}
\BOOKMARK [1][-]{section.12.19}{mlogit.bayes: Bayesian Multinomial Logistic Regression}{chapter.12}
\BOOKMARK [1][-]{section.12.20}{negbin: Negative Binomial Regression for Event Count Dependent Variables}{chapter.12}
\BOOKMARK [1][-]{section.12.21}{netls: Network Least Squares Regression for Continuous Proximity Matrix Dependent Variables}{chapter.12}
\BOOKMARK [1][-]{section.12.22}{netlogit: Network Logistic Regression for Dichotomous Proximity Matrix Dependent Variables}{chapter.12}
\BOOKMARK [1][-]{section.12.23}{normal: Normal Regression for Continuous Dependent Variables}{chapter.12}
\BOOKMARK [1][-]{section.12.24}{normal.bayes: Bayesian Normal Linear Regression}{chapter.12}
\BOOKMARK [1][-]{section.12.25}{ologit: Ordinal Logistic Regression for Ordered Categorical Dependent Variables}{chapter.12}
\BOOKMARK [1][-]{section.12.26}{oprobit: Ordinal Probit Regression for Ordered Categorical Dependent Variables}{chapter.12}
\BOOKMARK [1][-]{section.12.27}{oprobit.bayes: Bayesian Ordered Probit Regression}{chapter.12}
\BOOKMARK [1][-]{section.12.28}{poisson: Poisson Regression for Event Count Dependent Variables}{chapter.12}
\BOOKMARK [1][-]{section.12.29}{poisson.bayes: Bayesian Poisson Regression}{chapter.12}
\BOOKMARK [1][-]{section.12.30}{probit: Probit Regression for Dichotomous Dependent Variables}{chapter.12}
\BOOKMARK [1][-]{section.12.31}{probit.bayes: Bayesian Probit Regression}{chapter.12}
\BOOKMARK [1][-]{section.12.32}{relogit: Rare Events Logistic Regression for Dichotomous Dependent Variables}{chapter.12}
\BOOKMARK [1][-]{section.12.33}{tobit: Linear Regression for a Left-Censored Dependent Variable}{chapter.12}
\BOOKMARK [1][-]{section.12.34}{tobit.bayes: Bayesian Linear Regression for a Censored Dependent Variable}{chapter.12}
\BOOKMARK [1][-]{section.12.35}{weibull: Weibull Regression for Duration Dependent Variables}{chapter.12}
\BOOKMARK [0][-]{chapter.13}{Commands for Programmers and Contributors}{part.3}
\BOOKMARK [1][-]{section.13.1}{describe: Describe a model's systematic and stochastic parameters}{chapter.13}
\BOOKMARK [1][-]{section.13.2}{model.end: Cleaning up after optimization}{chapter.13}
\BOOKMARK [1][-]{section.13.3}{model.frame.multiple: Extracting the ``environment'' of a model formula}{chapter.13}
\BOOKMARK [1][-]{section.13.4}{model.matrix.multiple: Design matrix for multivariate models}{chapter.13}
\BOOKMARK [1][-]{section.13.5}{parse.formula: Parsing the inputs}{chapter.13}
\BOOKMARK [1][-]{section.13.6}{parse.par: Select and reshape parameter vectors}{chapter.13}
\BOOKMARK [1][-]{section.13.7}{put.start: Set specific starting values for certain parameters}{chapter.13}
\BOOKMARK [1][-]{section.13.8}{set.start: Set starting values for all parameters}{chapter.13}
\BOOKMARK [1][-]{section.13.9}{tag: Constrain parameter effects across equations}{chapter.13}
\BOOKMARK [-1][-]{part.4}{IV Appendices}{}
\BOOKMARK [0][-]{appendix.A}{Frequently Asked Questions}{part.4}
\BOOKMARK [1][-]{section.A.1}{For All Zelig Users}{appendix.A}
\BOOKMARK [1][-]{section.A.2}{For Zelig Contributors}{appendix.A}
\BOOKMARK [0][-]{appendix.B}{What's New? What's Next?}{part.4}
\BOOKMARK [1][-]{section.B.1}{What's New: Zelig Release Notes}{appendix.B}
\BOOKMARK [1][-]{section.B.2}{What's Next?}{appendix.B}
